{
  "stats": {
    "suites": 3,
    "tests": 4,
    "passes": 4,
    "pending": 0,
    "failures": 0,
    "start": "2026-05-28T17:57:16.157Z",
    "end": "2026-05-28T17:57:27.006Z",
    "duration": 10849,
    "testsRegistered": 4,
    "passPercent": 100,
    "pendingPercent": 0,
    "other": 0,
    "hasOther": false,
    "skipped": 0,
    "hasSkipped": false
  },
  "results": [
    {
      "uuid": "8ee7cacf-6211-40db-b768-469d076bfbc9",
      "title": "",
      "fullFile": "cypress/e2e/lesson21.cy.js",
      "file": "cypress/e2e/lesson21.cy.js",
      "beforeHooks": [],
      "afterHooks": [],
      "tests": [],
      "suites": [
        {
          "uuid": "38baeab3-e946-4690-b143-97733b97944a",
          "title": "registration functionality",
          "fullFile": "",
          "file": "",
          "beforeHooks": [],
          "afterHooks": [],
          "tests": [
            {
              "title": "should register successfully with valid credentials",
              "fullTitle": "registration functionality should register successfully with valid credentials",
              "timedOut": null,
              "duration": 3108,
              "state": "passed",
              "speed": "fast",
              "pass": true,
              "fail": false,
              "pending": false,
              "context": null,
              "code": "uniqueEmail = reg.generateEmail();\nconst password = Cypress.env(\"userPassword\");\nreg.nameField.type(\"John\");\nreg.lastNameField.type(\"Doe\");\nreg.emailField.type(uniqueEmail);\nreg.passwordField.type(password);\nreg.repeatPasswordField.type(password);\nreg.activeRegButton;\nreg.activeRegButton.click();\ncy.url().should(\"include\", \"/panel/garage\");",
              "err": {},
              "uuid": "92535cb1-70c4-4235-b99e-cd1aa98a9f6f",
              "parentUUID": "38baeab3-e946-4690-b143-97733b97944a",
              "isHook": false,
              "skipped": false
            }
          ],
          "suites": [],
          "passes": [
            "92535cb1-70c4-4235-b99e-cd1aa98a9f6f"
          ],
          "failures": [],
          "pending": [],
          "skipped": [],
          "duration": 3108,
          "root": false,
          "rootEmpty": false,
          "_timeout": 2000
        },
        {
          "uuid": "baa10cfc-368d-4379-8727-4ff1f59bdbc1",
          "title": "car registration functionality",
          "fullFile": "",
          "file": "",
          "beforeHooks": [],
          "afterHooks": [],
          "tests": [
            {
              "title": "should logout to login then with valid credentials",
              "fullTitle": "car registration functionality should logout to login then with valid credentials",
              "timedOut": null,
              "duration": 1611,
              "state": "passed",
              "speed": "fast",
              "pass": true,
              "fail": false,
              "pending": false,
              "context": null,
              "code": "log.logModal();\nlog.enterEmail().type(uniqueEmail);\nlog.enterPassword().type(password, {\n  sensitive: true\n});\nlog.clickLogin();\ncy.url().should(\"include\", \"/panel/garage\");",
              "err": {},
              "uuid": "67312c37-3e9e-45a1-a1aa-44e4b0d96f2e",
              "parentUUID": "baa10cfc-368d-4379-8727-4ff1f59bdbc1",
              "isHook": false,
              "skipped": false
            },
            {
              "title": "add a car",
              "fullTitle": "car registration functionality add a car",
              "timedOut": null,
              "duration": 2970,
              "state": "passed",
              "speed": "fast",
              "pass": true,
              "fail": false,
              "pending": false,
              "context": null,
              "code": "log.loginViaUI(uniqueEmail, password);\nadd.addCar();\ncy.get(\".car-list\").should(\"have.length\", 1);",
              "err": {},
              "uuid": "b3068d72-10d6-4e15-8c35-6c0668e51bb6",
              "parentUUID": "baa10cfc-368d-4379-8727-4ff1f59bdbc1",
              "isHook": false,
              "skipped": false
            }
          ],
          "suites": [],
          "passes": [
            "67312c37-3e9e-45a1-a1aa-44e4b0d96f2e",
            "b3068d72-10d6-4e15-8c35-6c0668e51bb6"
          ],
          "failures": [],
          "pending": [],
          "skipped": [],
          "duration": 4581,
          "root": false,
          "rootEmpty": false,
          "_timeout": 2000
        },
        {
          "uuid": "b2711853-4d24-4673-88e7-817dd309726e",
          "title": "add fuel expense",
          "fullFile": "",
          "file": "",
          "beforeHooks": [],
          "afterHooks": [],
          "tests": [
            {
              "title": "should add fuel expense to the car",
              "fullTitle": "add fuel expense should add fuel expense to the car",
              "timedOut": null,
              "duration": 3047,
              "state": "passed",
              "speed": "fast",
              "pass": true,
              "fail": false,
              "pending": false,
              "context": null,
              "code": "reg.navigate();\nlog.loginViaUI(uniqueEmail, password);\nadd.addFuel();\nadd.addMileage().clear().type(\"201\");\nadd.litersField().type(\"50\");\nadd.costField().type(\"100\");\nadd.addButton();\ncy.contains(\".expenses_table\", \"Liters used\").should(\"be.visible\");",
              "err": {},
              "uuid": "e960bc43-ac88-41cf-9701-86e6523000f9",
              "parentUUID": "b2711853-4d24-4673-88e7-817dd309726e",
              "isHook": false,
              "skipped": false
            }
          ],
          "suites": [],
          "passes": [
            "e960bc43-ac88-41cf-9701-86e6523000f9"
          ],
          "failures": [],
          "pending": [],
          "skipped": [],
          "duration": 3047,
          "root": false,
          "rootEmpty": false,
          "_timeout": 2000
        }
      ],
      "passes": [],
      "failures": [],
      "pending": [],
      "skipped": [],
      "duration": 0,
      "root": true,
      "rootEmpty": true,
      "_timeout": 2000
    }
  ],
  "meta": {
    "mocha": {
      "version": "7.2.0"
    },
    "mochawesome": {
      "options": {
        "quiet": false,
        "reportFilename": "mochawesome",
        "saveHtml": true,
        "saveJson": true,
        "consoleReporter": "spec",
        "useInlineDiffs": false,
        "code": true
      },
      "version": "7.1.4"
    },
    "marge": {
      "options": {
        "reportDir": "cypress/reports",
        "overwrite": true,
        "html": true,
        "json": true,
        "charts": true
      },
      "version": "6.3.2"
    }
  }
}