{
  "stats": {
    "suites": 8,
    "tests": 7,
    "passes": 0,
    "pending": 0,
    "failures": 7,
    "start": "2026-05-27T06:00:12.371Z",
    "end": "2026-05-27T06:00:13.109Z",
    "duration": 738,
    "testsRegistered": 27,
    "passPercent": 0,
    "pendingPercent": 0,
    "other": 0,
    "hasOther": false,
    "skipped": 20,
    "hasSkipped": true
  },
  "results": [
    {
      "uuid": "22718375-5d7d-4480-bc6e-eeb699810437",
      "title": "",
      "fullFile": "cypress/e2e/lesson20.cy.js",
      "file": "cypress/e2e/lesson20.cy.js",
      "beforeHooks": [],
      "afterHooks": [],
      "tests": [],
      "suites": [
        {
          "uuid": "90287e42-4e93-4971-b585-85105e168644",
          "title": "name field",
          "fullFile": "",
          "file": "",
          "beforeHooks": [],
          "afterHooks": [],
          "tests": [
            {
              "title": "emptyField",
              "fullTitle": "name field emptyField",
              "timedOut": null,
              "duration": 115,
              "state": "failed",
              "speed": null,
              "pass": false,
              "fail": true,
              "pending": false,
              "context": null,
              "code": "reg.nameField.type(\"A\").clear().blur();\nreg.error.should(\"have.text\", \"Name required\");\nreg.nameError;\nreg.disabledRegButton;",
              "err": {
                "message": "CypressError: `cy.visit()` failed trying to load:\n\n/\n\nWe failed looking for this file at the path:\n\n/Users/yaroslav/Documents/QAeducation/cypres2/lesson182/\n\nThe internal Cypress web server responded with:\n\n  > 404: Not Found\n\nBecause this error occurred during a `before each` hook we are skipping the remaining tests in the current suite: `name field`",
                "estack": "CypressError: `cy.visit()` failed trying to load:\n\n/\n\nWe failed looking for this file at the path:\n\n/Users/yaroslav/Documents/QAeducation/cypres2/lesson182/\n\nThe internal Cypress web server responded with:\n\n  > 404: Not Found\n\nBecause this error occurred during a `before each` hook we are skipping the remaining tests in the current suite: `name field`\n    at <unknown> (http://localhost:56603/__cypress/runner/cypress_runner.js:135291:76)\n    at visitFailedByErr (http://localhost:56603/__cypress/runner/cypress_runner.js:134881:12)\n    at <unknown> (http://localhost:56603/__cypress/runner/cypress_runner.js:135274:13)\n    at tryCatcher (http://localhost:56603/__cypress/runner/cypress_runner.js:1777:23)\n    at Promise._settlePromiseFromHandler (http://localhost:56603/__cypress/runner/cypress_runner.js:1489:31)\n    at Promise._settlePromise (http://localhost:56603/__cypress/runner/cypress_runner.js:1546:18)\n    at Promise._settlePromise0 (http://localhost:56603/__cypress/runner/cypress_runner.js:1591:10)\n    at Promise._settlePromises (http://localhost:56603/__cypress/runner/cypress_runner.js:1667:18)\n    at _drainQueueStep (http://localhost:56603/__cypress/runner/cypress_runner.js:2377:12)\n    at _drainQueue (http://localhost:56603/__cypress/runner/cypress_runner.js:2370:9)\n    at Async._drainQueues (http://localhost:56603/__cypress/runner/cypress_runner.js:2386:5)\n    at Async.drainQueues (http://localhost:56603/__cypress/runner/cypress_runner.js:2256:14)\nFrom Your Spec Code:\n    at _default.navigate (webpack://lesson182/./cypress/helpers/lesson20/registration.js:11:7)\n    at Context.eval (webpack://lesson182/./cypress/e2e/lesson20.cy.js:10:8)",
                "diff": null
              },
              "uuid": "1e5b6c5a-dde5-4a06-b148-f487a507c106",
              "parentUUID": "90287e42-4e93-4971-b585-85105e168644",
              "isHook": false,
              "skipped": false
            },
            {
              "title": "wrongData",
              "fullTitle": "name field wrongData",
              "timedOut": null,
              "duration": 0,
              "state": "skipped",
              "speed": null,
              "pass": false,
              "fail": false,
              "pending": false,
              "context": null,
              "code": "reg.nameField.type(\"!!\").blur();\nreg.error.should(\"have.text\", \"Name is invalid\");\nreg.nameError;\nreg.disabledRegButton;",
              "err": {},
              "uuid": "f100f252-4d71-42be-aac1-1ba3d99c1059",
              "parentUUID": "90287e42-4e93-4971-b585-85105e168644",
              "isHook": false,
              "skipped": true
            },
            {
              "title": "wrongLengthBelow",
              "fullTitle": "name field wrongLengthBelow",
              "timedOut": null,
              "duration": 0,
              "state": "skipped",
              "speed": null,
              "pass": false,
              "fail": false,
              "pending": false,
              "context": null,
              "code": "reg.nameField.type(\"a\").blur();\nreg.nameErrorTextLength;\nreg.nameError;\nreg.disabledRegButton;",
              "err": {},
              "uuid": "f81c887b-eebd-405f-9ead-62d362992827",
              "parentUUID": "90287e42-4e93-4971-b585-85105e168644",
              "isHook": false,
              "skipped": true
            },
            {
              "title": "wrongLengthAbove",
              "fullTitle": "name field wrongLengthAbove",
              "timedOut": null,
              "duration": 0,
              "state": "skipped",
              "speed": null,
              "pass": false,
              "fail": false,
              "pending": false,
              "context": null,
              "code": "reg.nameField.type(`${longValue}`).blur();\nreg.nameErrorTextLength;\nreg.nameError;\nreg.disabledRegButton;",
              "err": {},
              "uuid": "65b70f4e-c1da-4c32-afb4-fca7fbdd92ff",
              "parentUUID": "90287e42-4e93-4971-b585-85105e168644",
              "isHook": false,
              "skipped": true
            },
            {
              "title": "redNameBorder",
              "fullTitle": "name field redNameBorder",
              "timedOut": null,
              "duration": 0,
              "state": "skipped",
              "speed": null,
              "pass": false,
              "fail": false,
              "pending": false,
              "context": null,
              "code": "reg.nameField.type(\"a\").blur();\nreg.nameErrorTextLength;\nreg.nameError;\nreg.disabledRegButton;",
              "err": {},
              "uuid": "9cfaacd7-624b-4007-a69d-9a8406d31f50",
              "parentUUID": "90287e42-4e93-4971-b585-85105e168644",
              "isHook": false,
              "skipped": true
            }
          ],
          "suites": [],
          "passes": [],
          "failures": [
            "1e5b6c5a-dde5-4a06-b148-f487a507c106"
          ],
          "pending": [],
          "skipped": [
            "f100f252-4d71-42be-aac1-1ba3d99c1059",
            "f81c887b-eebd-405f-9ead-62d362992827",
            "65b70f4e-c1da-4c32-afb4-fca7fbdd92ff",
            "9cfaacd7-624b-4007-a69d-9a8406d31f50"
          ],
          "duration": 115,
          "root": false,
          "rootEmpty": false,
          "_timeout": 2000
        },
        {
          "uuid": "ea532326-7cb2-43b2-b72b-8785428e6f91",
          "title": "last name field",
          "fullFile": "",
          "file": "",
          "beforeHooks": [],
          "afterHooks": [],
          "tests": [
            {
              "title": "emptyField",
              "fullTitle": "last name field emptyField",
              "timedOut": null,
              "duration": 100,
              "state": "failed",
              "speed": null,
              "pass": false,
              "fail": true,
              "pending": false,
              "context": null,
              "code": "reg.lastNameField.type(\"A\").clear().blur();\nreg.error.should(\"have.text\", \"Last name required\");\nreg.disabledRegButton;",
              "err": {
                "message": "CypressError: `cy.visit()` failed trying to load:\n\n/\n\nWe failed looking for this file at the path:\n\n/Users/yaroslav/Documents/QAeducation/cypres2/lesson182/\n\nThe internal Cypress web server responded with:\n\n  > 404: Not Found\n\nBecause this error occurred during a `before each` hook we are skipping the remaining tests in the current suite: `last name field`",
                "estack": "CypressError: `cy.visit()` failed trying to load:\n\n/\n\nWe failed looking for this file at the path:\n\n/Users/yaroslav/Documents/QAeducation/cypres2/lesson182/\n\nThe internal Cypress web server responded with:\n\n  > 404: Not Found\n\nBecause this error occurred during a `before each` hook we are skipping the remaining tests in the current suite: `last name field`\n    at <unknown> (http://localhost:56603/__cypress/runner/cypress_runner.js:135291:76)\n    at visitFailedByErr (http://localhost:56603/__cypress/runner/cypress_runner.js:134881:12)\n    at <unknown> (http://localhost:56603/__cypress/runner/cypress_runner.js:135274:13)\n    at tryCatcher (http://localhost:56603/__cypress/runner/cypress_runner.js:1777:23)\n    at Promise._settlePromiseFromHandler (http://localhost:56603/__cypress/runner/cypress_runner.js:1489:31)\n    at Promise._settlePromise (http://localhost:56603/__cypress/runner/cypress_runner.js:1546:18)\n    at Promise._settlePromise0 (http://localhost:56603/__cypress/runner/cypress_runner.js:1591:10)\n    at Promise._settlePromises (http://localhost:56603/__cypress/runner/cypress_runner.js:1667:18)\n    at _drainQueueStep (http://localhost:56603/__cypress/runner/cypress_runner.js:2377:12)\n    at _drainQueue (http://localhost:56603/__cypress/runner/cypress_runner.js:2370:9)\n    at Async._drainQueues (http://localhost:56603/__cypress/runner/cypress_runner.js:2386:5)\n    at Async.drainQueues (http://localhost:56603/__cypress/runner/cypress_runner.js:2256:14)\nFrom Your Spec Code:\n    at _default.navigate (webpack://lesson182/./cypress/helpers/lesson20/registration.js:11:7)\n    at Context.eval (webpack://lesson182/./cypress/e2e/lesson20.cy.js:52:8)",
                "diff": null
              },
              "uuid": "d6d6b31c-a52b-439b-b616-cba407108197",
              "parentUUID": "ea532326-7cb2-43b2-b72b-8785428e6f91",
              "isHook": false,
              "skipped": false
            },
            {
              "title": "wrongData",
              "fullTitle": "last name field wrongData",
              "timedOut": null,
              "duration": 0,
              "state": "skipped",
              "speed": null,
              "pass": false,
              "fail": false,
              "pending": false,
              "context": null,
              "code": "reg.lastNameField.type(\"!!\").blur();\nreg.error.should(\"have.text\", \"Last name is invalid\");\nreg.lastNameError;\nreg.disabledRegButton;",
              "err": {},
              "uuid": "603011dc-6ad0-45be-a4f1-5b0819efbd15",
              "parentUUID": "ea532326-7cb2-43b2-b72b-8785428e6f91",
              "isHook": false,
              "skipped": true
            },
            {
              "title": "wrongLengthBelow",
              "fullTitle": "last name field wrongLengthBelow",
              "timedOut": null,
              "duration": 0,
              "state": "skipped",
              "speed": null,
              "pass": false,
              "fail": false,
              "pending": false,
              "context": null,
              "code": "reg.lastNameField.type(\"a\").blur();\nreg.lastNameErrorText;\nreg.disabledRegButton;",
              "err": {},
              "uuid": "cfbc8216-401a-4787-87e6-7814f1e13912",
              "parentUUID": "ea532326-7cb2-43b2-b72b-8785428e6f91",
              "isHook": false,
              "skipped": true
            },
            {
              "title": "wrongLengthAbove",
              "fullTitle": "last name field wrongLengthAbove",
              "timedOut": null,
              "duration": 0,
              "state": "skipped",
              "speed": null,
              "pass": false,
              "fail": false,
              "pending": false,
              "context": null,
              "code": "reg.lastNameField.type(`${longValue}`).blur();\nreg.lastNameErrorText;\nreg.disabledRegButton;",
              "err": {},
              "uuid": "d3cf6eb7-ce15-4029-9067-adf89f66eac0",
              "parentUUID": "ea532326-7cb2-43b2-b72b-8785428e6f91",
              "isHook": false,
              "skipped": true
            },
            {
              "title": "redNameBorder",
              "fullTitle": "last name field redNameBorder",
              "timedOut": null,
              "duration": 0,
              "state": "skipped",
              "speed": null,
              "pass": false,
              "fail": false,
              "pending": false,
              "context": null,
              "code": "reg.lastNameField.type(\"a\").blur();\nreg.lastNameErrorText;\nreg.lastNameError;\nreg.disabledRegButton;",
              "err": {},
              "uuid": "0be84aa8-4470-4ad2-b4aa-a1b30f557f94",
              "parentUUID": "ea532326-7cb2-43b2-b72b-8785428e6f91",
              "isHook": false,
              "skipped": true
            }
          ],
          "suites": [],
          "passes": [],
          "failures": [
            "d6d6b31c-a52b-439b-b616-cba407108197"
          ],
          "pending": [],
          "skipped": [
            "603011dc-6ad0-45be-a4f1-5b0819efbd15",
            "cfbc8216-401a-4787-87e6-7814f1e13912",
            "d3cf6eb7-ce15-4029-9067-adf89f66eac0",
            "0be84aa8-4470-4ad2-b4aa-a1b30f557f94"
          ],
          "duration": 100,
          "root": false,
          "rootEmpty": false,
          "_timeout": 2000
        },
        {
          "uuid": "04353f5e-3671-49ad-9e89-eb33413e92d0",
          "title": "email field",
          "fullFile": "",
          "file": "",
          "beforeHooks": [],
          "afterHooks": [],
          "tests": [
            {
              "title": "emptyField",
              "fullTitle": "email field emptyField",
              "timedOut": null,
              "duration": 93,
              "state": "failed",
              "speed": null,
              "pass": false,
              "fail": true,
              "pending": false,
              "context": null,
              "code": "reg.emailField.type(\"A\").clear().blur();\nreg.error.should(\"have.text\", \"Email required\");\nreg.disabledRegButton;",
              "err": {
                "message": "CypressError: `cy.visit()` failed trying to load:\n\n/\n\nWe failed looking for this file at the path:\n\n/Users/yaroslav/Documents/QAeducation/cypres2/lesson182/\n\nThe internal Cypress web server responded with:\n\n  > 404: Not Found\n\nBecause this error occurred during a `before each` hook we are skipping the remaining tests in the current suite: `email field`",
                "estack": "CypressError: `cy.visit()` failed trying to load:\n\n/\n\nWe failed looking for this file at the path:\n\n/Users/yaroslav/Documents/QAeducation/cypres2/lesson182/\n\nThe internal Cypress web server responded with:\n\n  > 404: Not Found\n\nBecause this error occurred during a `before each` hook we are skipping the remaining tests in the current suite: `email field`\n    at <unknown> (http://localhost:56603/__cypress/runner/cypress_runner.js:135291:76)\n    at visitFailedByErr (http://localhost:56603/__cypress/runner/cypress_runner.js:134881:12)\n    at <unknown> (http://localhost:56603/__cypress/runner/cypress_runner.js:135274:13)\n    at tryCatcher (http://localhost:56603/__cypress/runner/cypress_runner.js:1777:23)\n    at Promise._settlePromiseFromHandler (http://localhost:56603/__cypress/runner/cypress_runner.js:1489:31)\n    at Promise._settlePromise (http://localhost:56603/__cypress/runner/cypress_runner.js:1546:18)\n    at Promise._settlePromise0 (http://localhost:56603/__cypress/runner/cypress_runner.js:1591:10)\n    at Promise._settlePromises (http://localhost:56603/__cypress/runner/cypress_runner.js:1667:18)\n    at _drainQueueStep (http://localhost:56603/__cypress/runner/cypress_runner.js:2377:12)\n    at _drainQueue (http://localhost:56603/__cypress/runner/cypress_runner.js:2370:9)\n    at Async._drainQueues (http://localhost:56603/__cypress/runner/cypress_runner.js:2386:5)\n    at Async.drainQueues (http://localhost:56603/__cypress/runner/cypress_runner.js:2256:14)\nFrom Your Spec Code:\n    at _default.navigate (webpack://lesson182/./cypress/helpers/lesson20/registration.js:11:7)\n    at Context.eval (webpack://lesson182/./cypress/e2e/lesson20.cy.js:91:8)",
                "diff": null
              },
              "uuid": "a4ed7d29-ed4a-4f0d-8d2d-44c103902e82",
              "parentUUID": "04353f5e-3671-49ad-9e89-eb33413e92d0",
              "isHook": false,
              "skipped": false
            },
            {
              "title": "wrongData",
              "fullTitle": "email field wrongData",
              "timedOut": null,
              "duration": 0,
              "state": "skipped",
              "speed": null,
              "pass": false,
              "fail": false,
              "pending": false,
              "context": null,
              "code": "reg.emailField.type(\"!!\").blur();\nreg.error.should(\"have.text\", \"Email is incorrect\");\nreg.disabledRegButton;",
              "err": {},
              "uuid": "ee2f6869-531f-48a4-8b43-09f6513cdd78",
              "parentUUID": "04353f5e-3671-49ad-9e89-eb33413e92d0",
              "isHook": false,
              "skipped": true
            },
            {
              "title": "redNameBorder",
              "fullTitle": "email field redNameBorder",
              "timedOut": null,
              "duration": 0,
              "state": "skipped",
              "speed": null,
              "pass": false,
              "fail": false,
              "pending": false,
              "context": null,
              "code": "reg.emailField.type(\"a\").blur();\nreg.emailError;\nreg.disabledRegButton;",
              "err": {},
              "uuid": "465b352f-ab16-488a-9419-055cb7f6a268",
              "parentUUID": "04353f5e-3671-49ad-9e89-eb33413e92d0",
              "isHook": false,
              "skipped": true
            }
          ],
          "suites": [],
          "passes": [],
          "failures": [
            "a4ed7d29-ed4a-4f0d-8d2d-44c103902e82"
          ],
          "pending": [],
          "skipped": [
            "ee2f6869-531f-48a4-8b43-09f6513cdd78",
            "465b352f-ab16-488a-9419-055cb7f6a268"
          ],
          "duration": 93,
          "root": false,
          "rootEmpty": false,
          "_timeout": 2000
        },
        {
          "uuid": "9fe6f7ea-1b0f-4faf-a322-eeed9ccc4339",
          "title": "password field",
          "fullFile": "",
          "file": "",
          "beforeHooks": [],
          "afterHooks": [],
          "tests": [
            {
              "title": "emptyField",
              "fullTitle": "password field emptyField",
              "timedOut": null,
              "duration": 89,
              "state": "failed",
              "speed": null,
              "pass": false,
              "fail": true,
              "pending": false,
              "context": null,
              "code": "reg.passwordField.type(\"A\").clear().blur();\nreg.error.should(\"have.text\", \"Password required\");\nreg.disabledRegButton;",
              "err": {
                "message": "CypressError: `cy.visit()` failed trying to load:\n\n/\n\nWe failed looking for this file at the path:\n\n/Users/yaroslav/Documents/QAeducation/cypres2/lesson182/\n\nThe internal Cypress web server responded with:\n\n  > 404: Not Found\n\nBecause this error occurred during a `before each` hook we are skipping the remaining tests in the current suite: `password field`",
                "estack": "CypressError: `cy.visit()` failed trying to load:\n\n/\n\nWe failed looking for this file at the path:\n\n/Users/yaroslav/Documents/QAeducation/cypres2/lesson182/\n\nThe internal Cypress web server responded with:\n\n  > 404: Not Found\n\nBecause this error occurred during a `before each` hook we are skipping the remaining tests in the current suite: `password field`\n    at <unknown> (http://localhost:56603/__cypress/runner/cypress_runner.js:135291:76)\n    at visitFailedByErr (http://localhost:56603/__cypress/runner/cypress_runner.js:134881:12)\n    at <unknown> (http://localhost:56603/__cypress/runner/cypress_runner.js:135274:13)\n    at tryCatcher (http://localhost:56603/__cypress/runner/cypress_runner.js:1777:23)\n    at Promise._settlePromiseFromHandler (http://localhost:56603/__cypress/runner/cypress_runner.js:1489:31)\n    at Promise._settlePromise (http://localhost:56603/__cypress/runner/cypress_runner.js:1546:18)\n    at Promise._settlePromise0 (http://localhost:56603/__cypress/runner/cypress_runner.js:1591:10)\n    at Promise._settlePromises (http://localhost:56603/__cypress/runner/cypress_runner.js:1667:18)\n    at _drainQueueStep (http://localhost:56603/__cypress/runner/cypress_runner.js:2377:12)\n    at _drainQueue (http://localhost:56603/__cypress/runner/cypress_runner.js:2370:9)\n    at Async._drainQueues (http://localhost:56603/__cypress/runner/cypress_runner.js:2386:5)\n    at Async.drainQueues (http://localhost:56603/__cypress/runner/cypress_runner.js:2256:14)\nFrom Your Spec Code:\n    at _default.navigate (webpack://lesson182/./cypress/helpers/lesson20/registration.js:11:7)\n    at Context.eval (webpack://lesson182/./cypress/e2e/lesson20.cy.js:116:8)",
                "diff": null
              },
              "uuid": "e1e09c17-1d7d-435e-b1f7-47ef1aa3b06f",
              "parentUUID": "9fe6f7ea-1b0f-4faf-a322-eeed9ccc4339",
              "isHook": false,
              "skipped": false
            },
            {
              "title": "wrongData",
              "fullTitle": "password field wrongData",
              "timedOut": null,
              "duration": 0,
              "state": "skipped",
              "speed": null,
              "pass": false,
              "fail": false,
              "pending": false,
              "context": null,
              "code": "reg.passwordField.type(\"!!\").blur();\nreg.passwordErrorText;\nreg.disabledRegButton;",
              "err": {},
              "uuid": "3b9b2a98-57be-45b7-a1b2-1b4250416f2a",
              "parentUUID": "9fe6f7ea-1b0f-4faf-a322-eeed9ccc4339",
              "isHook": false,
              "skipped": true
            },
            {
              "title": "redNameBorder",
              "fullTitle": "password field redNameBorder",
              "timedOut": null,
              "duration": 0,
              "state": "skipped",
              "speed": null,
              "pass": false,
              "fail": false,
              "pending": false,
              "context": null,
              "code": "reg.passwordField.type(\"a\").blur();\nreg.passwordError;\nreg.disabledRegButton;",
              "err": {},
              "uuid": "55a632f1-06ce-48a0-ba2a-03a73236bff4",
              "parentUUID": "9fe6f7ea-1b0f-4faf-a322-eeed9ccc4339",
              "isHook": false,
              "skipped": true
            },
            {
              "title": "wrongDataTooLong",
              "fullTitle": "password field wrongDataTooLong",
              "timedOut": null,
              "duration": 0,
              "state": "skipped",
              "speed": null,
              "pass": false,
              "fail": false,
              "pending": false,
              "context": null,
              "code": "reg.passwordField.type(\"Password123456789\").blur();\nreg.passwordErrorText;\nreg.disabledRegButton;",
              "err": {},
              "uuid": "42b70cf5-d4a2-4cb7-b741-58bccfbba351",
              "parentUUID": "9fe6f7ea-1b0f-4faf-a322-eeed9ccc4339",
              "isHook": false,
              "skipped": true
            },
            {
              "title": "wrongDataNoCapital",
              "fullTitle": "password field wrongDataNoCapital",
              "timedOut": null,
              "duration": 0,
              "state": "skipped",
              "speed": null,
              "pass": false,
              "fail": false,
              "pending": false,
              "context": null,
              "code": "reg.passwordField.type(\"password123\").blur();\nreg.passwordErrorText;\nreg.disabledRegButton;",
              "err": {},
              "uuid": "13696355-5dcd-4c20-92bb-f431d23ac679",
              "parentUUID": "9fe6f7ea-1b0f-4faf-a322-eeed9ccc4339",
              "isHook": false,
              "skipped": true
            },
            {
              "title": "wrongDataNoInteger",
              "fullTitle": "password field wrongDataNoInteger",
              "timedOut": null,
              "duration": 0,
              "state": "skipped",
              "speed": null,
              "pass": false,
              "fail": false,
              "pending": false,
              "context": null,
              "code": "reg.passwordField.type(\"Password\").blur();\nreg.passwordErrorText;\nreg.disabledRegButton;",
              "err": {},
              "uuid": "b8debdb1-2143-4fed-8db5-7c5de6b08ddb",
              "parentUUID": "9fe6f7ea-1b0f-4faf-a322-eeed9ccc4339",
              "isHook": false,
              "skipped": true
            }
          ],
          "suites": [],
          "passes": [],
          "failures": [
            "e1e09c17-1d7d-435e-b1f7-47ef1aa3b06f"
          ],
          "pending": [],
          "skipped": [
            "3b9b2a98-57be-45b7-a1b2-1b4250416f2a",
            "55a632f1-06ce-48a0-ba2a-03a73236bff4",
            "42b70cf5-d4a2-4cb7-b741-58bccfbba351",
            "13696355-5dcd-4c20-92bb-f431d23ac679",
            "b8debdb1-2143-4fed-8db5-7c5de6b08ddb"
          ],
          "duration": 89,
          "root": false,
          "rootEmpty": false,
          "_timeout": 2000
        },
        {
          "uuid": "add34f1d-f0f3-458d-ad66-ff566c0ab057",
          "title": "re-Password field",
          "fullFile": "",
          "file": "",
          "beforeHooks": [],
          "afterHooks": [],
          "tests": [
            {
              "title": "emptyField",
              "fullTitle": "re-Password field emptyField",
              "timedOut": null,
              "duration": 91,
              "state": "failed",
              "speed": null,
              "pass": false,
              "fail": true,
              "pending": false,
              "context": null,
              "code": "reg.repeatPasswordField.type(\"A\").clear().blur();\nreg.error.should(\"have.text\", \"Re-enter password required\");\nreg.disabledRegButton;",
              "err": {
                "message": "CypressError: `cy.visit()` failed trying to load:\n\n/\n\nWe failed looking for this file at the path:\n\n/Users/yaroslav/Documents/QAeducation/cypres2/lesson182/\n\nThe internal Cypress web server responded with:\n\n  > 404: Not Found\n\nBecause this error occurred during a `before each` hook we are skipping the remaining tests in the current suite: `re-Password field`",
                "estack": "CypressError: `cy.visit()` failed trying to load:\n\n/\n\nWe failed looking for this file at the path:\n\n/Users/yaroslav/Documents/QAeducation/cypres2/lesson182/\n\nThe internal Cypress web server responded with:\n\n  > 404: Not Found\n\nBecause this error occurred during a `before each` hook we are skipping the remaining tests in the current suite: `re-Password field`\n    at <unknown> (http://localhost:56603/__cypress/runner/cypress_runner.js:135291:76)\n    at visitFailedByErr (http://localhost:56603/__cypress/runner/cypress_runner.js:134881:12)\n    at <unknown> (http://localhost:56603/__cypress/runner/cypress_runner.js:135274:13)\n    at tryCatcher (http://localhost:56603/__cypress/runner/cypress_runner.js:1777:23)\n    at Promise._settlePromiseFromHandler (http://localhost:56603/__cypress/runner/cypress_runner.js:1489:31)\n    at Promise._settlePromise (http://localhost:56603/__cypress/runner/cypress_runner.js:1546:18)\n    at Promise._settlePromise0 (http://localhost:56603/__cypress/runner/cypress_runner.js:1591:10)\n    at Promise._settlePromises (http://localhost:56603/__cypress/runner/cypress_runner.js:1667:18)\n    at _drainQueueStep (http://localhost:56603/__cypress/runner/cypress_runner.js:2377:12)\n    at _drainQueue (http://localhost:56603/__cypress/runner/cypress_runner.js:2370:9)\n    at Async._drainQueues (http://localhost:56603/__cypress/runner/cypress_runner.js:2386:5)\n    at Async.drainQueues (http://localhost:56603/__cypress/runner/cypress_runner.js:2256:14)\nFrom Your Spec Code:\n    at _default.navigate (webpack://lesson182/./cypress/helpers/lesson20/registration.js:11:7)\n    at Context.eval (webpack://lesson182/./cypress/e2e/lesson20.cy.js:159:8)",
                "diff": null
              },
              "uuid": "c8cfc5fe-24c2-48a5-ac4d-a00e1a044e77",
              "parentUUID": "add34f1d-f0f3-458d-ad66-ff566c0ab057",
              "isHook": false,
              "skipped": false
            },
            {
              "title": "passwordsDoNotMatch",
              "fullTitle": "re-Password field passwordsDoNotMatch",
              "timedOut": null,
              "duration": 0,
              "state": "skipped",
              "speed": null,
              "pass": false,
              "fail": false,
              "pending": false,
              "context": null,
              "code": "reg.passwordField.type(\"Password123\");\nreg.repeatPasswordField.type(\"Password456\").blur();\nreg.error.should(\"have.text\", \"Passwords do not match\");\nreg.disabledRegButton;",
              "err": {},
              "uuid": "b720804f-e9ef-49bc-8243-6790aaacf8a8",
              "parentUUID": "add34f1d-f0f3-458d-ad66-ff566c0ab057",
              "isHook": false,
              "skipped": true
            },
            {
              "title": "redRepeatPasswordBorder",
              "fullTitle": "re-Password field redRepeatPasswordBorder",
              "timedOut": null,
              "duration": 0,
              "state": "skipped",
              "speed": null,
              "pass": false,
              "fail": false,
              "pending": false,
              "context": null,
              "code": "reg.repeatPasswordField.type(\"a\").blur();\nreg.repeatPasswordError;\nreg.disabledRegButton;",
              "err": {},
              "uuid": "bb573c93-8d3a-4d65-bfb9-f29f4e5e8091",
              "parentUUID": "add34f1d-f0f3-458d-ad66-ff566c0ab057",
              "isHook": false,
              "skipped": true
            },
            {
              "title": "wrongDataTooLong",
              "fullTitle": "re-Password field wrongDataTooLong",
              "timedOut": null,
              "duration": 0,
              "state": "skipped",
              "speed": null,
              "pass": false,
              "fail": false,
              "pending": false,
              "context": null,
              "code": "reg.repeatPasswordField.type(\"Password123456789\").blur();\nreg.repeatPasswordError;\nreg.disabledRegButton;",
              "err": {},
              "uuid": "7487401a-d18b-4079-a8a3-b05cedfac5ee",
              "parentUUID": "add34f1d-f0f3-458d-ad66-ff566c0ab057",
              "isHook": false,
              "skipped": true
            },
            {
              "title": "wrongDataNoCapital",
              "fullTitle": "re-Password field wrongDataNoCapital",
              "timedOut": null,
              "duration": 0,
              "state": "skipped",
              "speed": null,
              "pass": false,
              "fail": false,
              "pending": false,
              "context": null,
              "code": "reg.repeatPasswordField.type(\"password123\").blur();\nreg.repeatPasswordError;\nreg.disabledRegButton;",
              "err": {},
              "uuid": "00ae08d2-6c19-45ce-b3c1-f251c65ca45c",
              "parentUUID": "add34f1d-f0f3-458d-ad66-ff566c0ab057",
              "isHook": false,
              "skipped": true
            },
            {
              "title": "wrongDataNoInteger",
              "fullTitle": "re-Password field wrongDataNoInteger",
              "timedOut": null,
              "duration": 0,
              "state": "skipped",
              "speed": null,
              "pass": false,
              "fail": false,
              "pending": false,
              "context": null,
              "code": "reg.repeatPasswordField.type(\"Password\").blur();\nreg.repeatPasswordError;\nreg.disabledRegButton;",
              "err": {},
              "uuid": "01abf99c-b6ee-4376-b49c-518b34e13f0f",
              "parentUUID": "add34f1d-f0f3-458d-ad66-ff566c0ab057",
              "isHook": false,
              "skipped": true
            }
          ],
          "suites": [],
          "passes": [],
          "failures": [
            "c8cfc5fe-24c2-48a5-ac4d-a00e1a044e77"
          ],
          "pending": [],
          "skipped": [
            "b720804f-e9ef-49bc-8243-6790aaacf8a8",
            "bb573c93-8d3a-4d65-bfb9-f29f4e5e8091",
            "7487401a-d18b-4079-a8a3-b05cedfac5ee",
            "00ae08d2-6c19-45ce-b3c1-f251c65ca45c",
            "01abf99c-b6ee-4376-b49c-518b34e13f0f"
          ],
          "duration": 91,
          "root": false,
          "rootEmpty": false,
          "_timeout": 2000
        },
        {
          "uuid": "a7cc5ae6-54ef-42f2-9de0-11dcdc960979",
          "title": "registration functionality",
          "fullFile": "",
          "file": "",
          "beforeHooks": [],
          "afterHooks": [],
          "tests": [
            {
              "title": "should register successfully with valid credentials",
              "fullTitle": "registration functionality should register successfully with valid credentials",
              "timedOut": null,
              "duration": 93,
              "state": "failed",
              "speed": null,
              "pass": false,
              "fail": true,
              "pending": false,
              "context": null,
              "code": "uniqueEmail = reg.generateEmail();\nreg.nameField.type(\"John\");\nreg.lastNameField.type(\"Doe\");\nreg.emailField.type(uniqueEmail);\nreg.passwordField.type(\"Smyle333\");\nreg.repeatPasswordField.type(\"Smyle333\");\nreg.activeRegButton;\nreg.activeRegButton.click();\ncy.url().should(\"include\", \"/panel/garage\");",
              "err": {
                "message": "CypressError: `cy.visit()` failed trying to load:\n\n/\n\nWe failed looking for this file at the path:\n\n/Users/yaroslav/Documents/QAeducation/cypres2/lesson182/\n\nThe internal Cypress web server responded with:\n\n  > 404: Not Found\n\nBecause this error occurred during a `before each` hook we are skipping the remaining tests in the current suite: `registration functionality`",
                "estack": "CypressError: `cy.visit()` failed trying to load:\n\n/\n\nWe failed looking for this file at the path:\n\n/Users/yaroslav/Documents/QAeducation/cypres2/lesson182/\n\nThe internal Cypress web server responded with:\n\n  > 404: Not Found\n\nBecause this error occurred during a `before each` hook we are skipping the remaining tests in the current suite: `registration functionality`\n    at <unknown> (http://localhost:56603/__cypress/runner/cypress_runner.js:135291:76)\n    at visitFailedByErr (http://localhost:56603/__cypress/runner/cypress_runner.js:134881:12)\n    at <unknown> (http://localhost:56603/__cypress/runner/cypress_runner.js:135274:13)\n    at tryCatcher (http://localhost:56603/__cypress/runner/cypress_runner.js:1777:23)\n    at Promise._settlePromiseFromHandler (http://localhost:56603/__cypress/runner/cypress_runner.js:1489:31)\n    at Promise._settlePromise (http://localhost:56603/__cypress/runner/cypress_runner.js:1546:18)\n    at Promise._settlePromise0 (http://localhost:56603/__cypress/runner/cypress_runner.js:1591:10)\n    at Promise._settlePromises (http://localhost:56603/__cypress/runner/cypress_runner.js:1667:18)\n    at _drainQueueStep (http://localhost:56603/__cypress/runner/cypress_runner.js:2377:12)\n    at _drainQueue (http://localhost:56603/__cypress/runner/cypress_runner.js:2370:9)\n    at Async._drainQueues (http://localhost:56603/__cypress/runner/cypress_runner.js:2386:5)\n    at Async.drainQueues (http://localhost:56603/__cypress/runner/cypress_runner.js:2256:14)\nFrom Your Spec Code:\n    at _default.navigate (webpack://lesson182/./cypress/helpers/lesson20/registration.js:11:7)\n    at Context.eval (webpack://lesson182/./cypress/e2e/lesson20.cy.js:203:8)",
                "diff": null
              },
              "uuid": "9de42c87-27a5-4a05-b6e8-1f0348a62a16",
              "parentUUID": "a7cc5ae6-54ef-42f2-9de0-11dcdc960979",
              "isHook": false,
              "skipped": false
            }
          ],
          "suites": [],
          "passes": [],
          "failures": [
            "9de42c87-27a5-4a05-b6e8-1f0348a62a16"
          ],
          "pending": [],
          "skipped": [],
          "duration": 93,
          "root": false,
          "rootEmpty": false,
          "_timeout": 2000
        },
        {
          "uuid": "4b9a0385-149f-492c-86eb-4c7f187e834a",
          "title": "Login Functionality",
          "fullFile": "",
          "file": "",
          "beforeHooks": [],
          "afterHooks": [],
          "tests": [],
          "suites": [
            {
              "uuid": "3fed1ff4-6385-42e8-af87-0456b35351e4",
              "title": "registration functionality",
              "fullFile": "",
              "file": "",
              "beforeHooks": [],
              "afterHooks": [],
              "tests": [
                {
                  "title": "should login successfully with valid credentials",
                  "fullTitle": "Login Functionality registration functionality should login successfully with valid credentials",
                  "timedOut": null,
                  "duration": 91,
                  "state": "failed",
                  "speed": null,
                  "pass": false,
                  "fail": true,
                  "pending": false,
                  "context": null,
                  "code": "cy.login(uniqueEmail);\ncy.url().should(\"include\", \"/panel/garage\");",
                  "err": {
                    "message": "CypressError: `cy.visit()` failed trying to load:\n\n/\n\nWe failed looking for this file at the path:\n\n/Users/yaroslav/Documents/QAeducation/cypres2/lesson182/\n\nThe internal Cypress web server responded with:\n\n  > 404: Not Found\n\nBecause this error occurred during a `before each` hook we are skipping the remaining tests in the current suite: `registration functionality`",
                    "estack": "CypressError: `cy.visit()` failed trying to load:\n\n/\n\nWe failed looking for this file at the path:\n\n/Users/yaroslav/Documents/QAeducation/cypres2/lesson182/\n\nThe internal Cypress web server responded with:\n\n  > 404: Not Found\n\nBecause this error occurred during a `before each` hook we are skipping the remaining tests in the current suite: `registration functionality`\n    at <unknown> (http://localhost:56603/__cypress/runner/cypress_runner.js:135291:76)\n    at visitFailedByErr (http://localhost:56603/__cypress/runner/cypress_runner.js:134881:12)\n    at <unknown> (http://localhost:56603/__cypress/runner/cypress_runner.js:135274:13)\n    at tryCatcher (http://localhost:56603/__cypress/runner/cypress_runner.js:1777:23)\n    at Promise._settlePromiseFromHandler (http://localhost:56603/__cypress/runner/cypress_runner.js:1489:31)\n    at Promise._settlePromise (http://localhost:56603/__cypress/runner/cypress_runner.js:1546:18)\n    at Promise._settlePromise0 (http://localhost:56603/__cypress/runner/cypress_runner.js:1591:10)\n    at Promise._settlePromises (http://localhost:56603/__cypress/runner/cypress_runner.js:1667:18)\n    at _drainQueueStep (http://localhost:56603/__cypress/runner/cypress_runner.js:2377:12)\n    at _drainQueue (http://localhost:56603/__cypress/runner/cypress_runner.js:2370:9)\n    at Async._drainQueues (http://localhost:56603/__cypress/runner/cypress_runner.js:2386:5)\n    at Async.drainQueues (http://localhost:56603/__cypress/runner/cypress_runner.js:2256:14)\nFrom Your Spec Code:\n    at _default.navigate (webpack://lesson182/./cypress/helpers/lesson20/registration.js:11:7)\n    at Context.eval (webpack://lesson182/./cypress/e2e/lesson20.cy.js:223:10)",
                    "diff": null
                  },
                  "uuid": "9ba2d32b-9bd9-41bc-abdf-a1ab8b5d4e4f",
                  "parentUUID": "3fed1ff4-6385-42e8-af87-0456b35351e4",
                  "isHook": false,
                  "skipped": false
                }
              ],
              "suites": [],
              "passes": [],
              "failures": [
                "9ba2d32b-9bd9-41bc-abdf-a1ab8b5d4e4f"
              ],
              "pending": [],
              "skipped": [],
              "duration": 91,
              "root": false,
              "rootEmpty": false,
              "_timeout": 2000
            }
          ],
          "passes": [],
          "failures": [],
          "pending": [],
          "skipped": [],
          "duration": 0,
          "root": false,
          "rootEmpty": false,
          "_timeout": 2000
        }
      ],
      "passes": [],
      "failures": [],
      "pending": [],
      "skipped": [],
      "duration": 0,
      "root": true,
      "rootEmpty": true,
      "_timeout": 2000
    }
  ],
  "meta": {
    "mocha": {
      "version": "7.2.0"
    },
    "mochawesome": {
      "options": {
        "quiet": false,
        "reportFilename": "mochawesome",
        "saveHtml": true,
        "saveJson": true,
        "consoleReporter": "spec",
        "useInlineDiffs": false,
        "code": true
      },
      "version": "7.1.4"
    },
    "marge": {
      "options": null,
      "version": "6.3.2"
    }
  }
}